<?xml version="1.0" encoding="UTF-8"?>
<testsuite xmlns:xsi="http://www.w3.org/2001/XMLSchema-instance" xsi:noNamespaceSchemaLocation="https://maven.apache.org/surefire/maven-surefire-plugin/xsd/surefire-test-report-3.0.xsd" version="3.0" name="tests.PriceTest" time="22.24" tests="6" errors="0" skipped="0" failures="0">
  <properties>
    <property name="java.specification.version" value="21"/>
    <property name="sun.cpu.isalist" value="amd64"/>
    <property name="sun.jnu.encoding" value="Cp1252"/>
    <property name="java.class.path" value="C:\Users\apmor\OneDrive\Documents\GitHub\CURSO PROGRAMACIÓN\reto1apmm\target\test-classes;C:\Users\apmor\OneDrive\Documents\GitHub\CURSO PROGRAMACIÓN\reto1apmm\target\classes;C:\Users\apmor\.m2\repository\org\junit\jupiter\junit-jupiter-api\5.11.0\junit-jupiter-api-5.11.0.jar;C:\Users\apmor\.m2\repository\org\opentest4j\opentest4j\1.3.0\opentest4j-1.3.0.jar;C:\Users\apmor\.m2\repository\org\junit\platform\junit-platform-commons\1.11.0\junit-platform-commons-1.11.0.jar;C:\Users\apmor\.m2\repository\org\apiguardian\apiguardian-api\1.1.2\apiguardian-api-1.1.2.jar;C:\Users\apmor\.m2\repository\org\junit\jupiter\junit-jupiter-params\5.11.0\junit-jupiter-params-5.11.0.jar;C:\Users\apmor\.m2\repository\org\seleniumhq\selenium\selenium-java\4.23.1\selenium-java-4.23.1.jar;C:\Users\apmor\.m2\repository\org\seleniumhq\selenium\selenium-api\4.23.1\selenium-api-4.23.1.jar;C:\Users\apmor\.m2\repository\org\seleniumhq\selenium\selenium-chrome-driver\4.23.1\selenium-chrome-driver-4.23.1.jar;C:\Users\apmor\.m2\repository\com\google\auto\service\auto-service-annotations\1.1.1\auto-service-annotations-1.1.1.jar;C:\Users\apmor\.m2\repository\org\seleniumhq\selenium\selenium-chromium-driver\4.23.1\selenium-chromium-driver-4.23.1.jar;C:\Users\apmor\.m2\repository\org\seleniumhq\selenium\selenium-json\4.23.1\selenium-json-4.23.1.jar;C:\Users\apmor\.m2\repository\org\seleniumhq\selenium\selenium-manager\4.23.1\selenium-manager-4.23.1.jar;C:\Users\apmor\.m2\repository\org\seleniumhq\selenium\selenium-devtools-v125\4.23.1\selenium-devtools-v125-4.23.1.jar;C:\Users\apmor\.m2\repository\org\seleniumhq\selenium\selenium-devtools-v126\4.23.1\selenium-devtools-v126-4.23.1.jar;C:\Users\apmor\.m2\repository\org\seleniumhq\selenium\selenium-devtools-v127\4.23.1\selenium-devtools-v127-4.23.1.jar;C:\Users\apmor\.m2\repository\org\seleniumhq\selenium\selenium-devtools-v85\4.23.1\selenium-devtools-v85-4.23.1.jar;C:\Users\apmor\.m2\repository\org\seleniumhq\selenium\selenium-edge-driver\4.23.1\selenium-edge-driver-4.23.1.jar;C:\Users\apmor\.m2\repository\org\seleniumhq\selenium\selenium-firefox-driver\4.23.1\selenium-firefox-driver-4.23.1.jar;C:\Users\apmor\.m2\repository\org\seleniumhq\selenium\selenium-http\4.23.1\selenium-http-4.23.1.jar;C:\Users\apmor\.m2\repository\dev\failsafe\failsafe\3.3.2\failsafe-3.3.2.jar;C:\Users\apmor\.m2\repository\org\seleniumhq\selenium\selenium-ie-driver\4.23.1\selenium-ie-driver-4.23.1.jar;C:\Users\apmor\.m2\repository\org\seleniumhq\selenium\selenium-remote-driver\4.23.1\selenium-remote-driver-4.23.1.jar;C:\Users\apmor\.m2\repository\com\google\guava\guava\33.2.1-jre\guava-33.2.1-jre.jar;C:\Users\apmor\.m2\repository\com\google\guava\failureaccess\1.0.2\failureaccess-1.0.2.jar;C:\Users\apmor\.m2\repository\com\google\guava\listenablefuture\9999.0-empty-to-avoid-conflict-with-guava\listenablefuture-9999.0-empty-to-avoid-conflict-with-guava.jar;C:\Users\apmor\.m2\repository\com\google\code\findbugs\jsr305\3.0.2\jsr305-3.0.2.jar;C:\Users\apmor\.m2\repository\org\checkerframework\checker-qual\3.42.0\checker-qual-3.42.0.jar;C:\Users\apmor\.m2\repository\com\google\errorprone\error_prone_annotations\2.26.1\error_prone_annotations-2.26.1.jar;C:\Users\apmor\.m2\repository\com\google\j2objc\j2objc-annotations\3.0.0\j2objc-annotations-3.0.0.jar;C:\Users\apmor\.m2\repository\io\opentelemetry\semconv\opentelemetry-semconv\1.25.0-alpha\opentelemetry-semconv-1.25.0-alpha.jar;C:\Users\apmor\.m2\repository\io\opentelemetry\opentelemetry-api\1.40.0\opentelemetry-api-1.40.0.jar;C:\Users\apmor\.m2\repository\io\opentelemetry\opentelemetry-context\1.40.0\opentelemetry-context-1.40.0.jar;C:\Users\apmor\.m2\repository\io\opentelemetry\opentelemetry-exporter-logging\1.40.0\opentelemetry-exporter-logging-1.40.0.jar;C:\Users\apmor\.m2\repository\io\opentelemetry\opentelemetry-sdk-common\1.40.0\opentelemetry-sdk-common-1.40.0.jar;C:\Users\apmor\.m2\repository\io\opentelemetry\opentelemetry-sdk-extension-autoconfigure-spi\1.40.0\opentelemetry-sdk-extension-autoconfigure-spi-1.40.0.jar;C:\Users\apmor\.m2\repository\io\opentelemetry\opentelemetry-sdk-extension-autoconfigure\1.40.0\opentelemetry-sdk-extension-autoconfigure-1.40.0.jar;C:\Users\apmor\.m2\repository\io\opentelemetry\opentelemetry-api-incubator\1.40.0-alpha\opentelemetry-api-incubator-1.40.0-alpha.jar;C:\Users\apmor\.m2\repository\io\opentelemetry\opentelemetry-sdk-trace\1.40.0\opentelemetry-sdk-trace-1.40.0.jar;C:\Users\apmor\.m2\repository\io\opentelemetry\opentelemetry-sdk\1.40.0\opentelemetry-sdk-1.40.0.jar;C:\Users\apmor\.m2\repository\io\opentelemetry\opentelemetry-sdk-metrics\1.40.0\opentelemetry-sdk-metrics-1.40.0.jar;C:\Users\apmor\.m2\repository\io\opentelemetry\opentelemetry-sdk-logs\1.40.0\opentelemetry-sdk-logs-1.40.0.jar;C:\Users\apmor\.m2\repository\net\bytebuddy\byte-buddy\1.14.18\byte-buddy-1.14.18.jar;C:\Users\apmor\.m2\repository\org\seleniumhq\selenium\selenium-os\4.23.1\selenium-os-4.23.1.jar;C:\Users\apmor\.m2\repository\org\apache\commons\commons-exec\1.4.0\commons-exec-1.4.0.jar;C:\Users\apmor\.m2\repository\org\seleniumhq\selenium\selenium-safari-driver\4.23.1\selenium-safari-driver-4.23.1.jar;C:\Users\apmor\.m2\repository\org\seleniumhq\selenium\selenium-support\4.23.1\selenium-support-4.23.1.jar;C:\Users\apmor\.m2\repository\org\junit\vintage\junit-vintage-engine\5.11.0\junit-vintage-engine-5.11.0.jar;C:\Users\apmor\.m2\repository\org\junit\platform\junit-platform-engine\1.11.0\junit-platform-engine-1.11.0.jar;C:\Users\apmor\.m2\repository\junit\junit\4.13.2\junit-4.13.2.jar;C:\Users\apmor\.m2\repository\org\hamcrest\hamcrest-core\1.3\hamcrest-core-1.3.jar;C:\Users\apmor\.m2\repository\org\apache\maven\plugins\maven-surefire-report-plugin\3.4.0\maven-surefire-report-plugin-3.4.0.jar;C:\Users\apmor\.m2\repository\org\apache\maven\surefire\surefire-logger-api\3.4.0\surefire-logger-api-3.4.0.jar;C:\Users\apmor\.m2\repository\org\apache\maven\surefire\surefire-report-parser\3.4.0\surefire-report-parser-3.4.0.jar;C:\Users\apmor\.m2\repository\org\apache\maven\shared\maven-shared-utils\3.3.4\maven-shared-utils-3.3.4.jar;C:\Users\apmor\.m2\repository\commons-io\commons-io\2.6\commons-io-2.6.jar;C:\Users\apmor\.m2\repository\org\apache\maven\doxia\doxia-sink-api\1.12.0\doxia-sink-api-1.12.0.jar;C:\Users\apmor\.m2\repository\org\apache\maven\doxia\doxia-logging-api\1.12.0\doxia-logging-api-1.12.0.jar;C:\Users\apmor\.m2\repository\org\apache\maven\doxia\doxia-core\1.12.0\doxia-core-1.12.0.jar;C:\Users\apmor\.m2\repository\org\codehaus\plexus\plexus-utils\3.3.0\plexus-utils-3.3.0.jar;C:\Users\apmor\.m2\repository\org\codehaus\plexus\plexus-container-default\2.1.0\plexus-container-default-2.1.0.jar;C:\Users\apmor\.m2\repository\org\codehaus\plexus\plexus-classworlds\2.6.0\plexus-classworlds-2.6.0.jar;C:\Users\apmor\.m2\repository\org\apache\xbean\xbean-reflect\3.7\xbean-reflect-3.7.jar;C:\Users\apmor\.m2\repository\com\google\collections\google-collections\1.0\google-collections-1.0.jar;C:\Users\apmor\.m2\repository\org\codehaus\plexus\plexus-component-annotations\2.1.0\plexus-component-annotations-2.1.0.jar;C:\Users\apmor\.m2\repository\org\apache\commons\commons-lang3\3.8.1\commons-lang3-3.8.1.jar;C:\Users\apmor\.m2\repository\org\apache\commons\commons-text\1.3\commons-text-1.3.jar;C:\Users\apmor\.m2\repository\org\apache\httpcomponents\httpclient\4.5.13\httpclient-4.5.13.jar;C:\Users\apmor\.m2\repository\commons-logging\commons-logging\1.2\commons-logging-1.2.jar;C:\Users\apmor\.m2\repository\commons-codec\commons-codec\1.11\commons-codec-1.11.jar;C:\Users\apmor\.m2\repository\org\apache\httpcomponents\httpcore\4.4.14\httpcore-4.4.14.jar;C:\Users\apmor\.m2\repository\org\apache\maven\reporting\maven-reporting-api\3.1.1\maven-reporting-api-3.1.1.jar;C:\Users\apmor\.m2\repository\org\apache\maven\reporting\maven-reporting-impl\3.2.0\maven-reporting-impl-3.2.0.jar;C:\Users\apmor\.m2\repository\org\apache\maven\maven-artifact\3.1.0\maven-artifact-3.1.0.jar;C:\Users\apmor\.m2\repository\org\apache\maven\doxia\doxia-decoration-model\1.11.1\doxia-decoration-model-1.11.1.jar;C:\Users\apmor\.m2\repository\org\apache\maven\doxia\doxia-integration-tools\1.11.1\doxia-integration-tools-1.11.1.jar;C:\Users\apmor\.m2\repository\org\apache\maven\maven-model\2.2.1\maven-model-2.2.1.jar;C:\Users\apmor\.m2\repository\org\apache\maven\doxia\doxia-site-renderer\1.11.1\doxia-site-renderer-1.11.1.jar;C:\Users\apmor\.m2\repository\org\apache\maven\doxia\doxia-skin-model\1.11.1\doxia-skin-model-1.11.1.jar;C:\Users\apmor\.m2\repository\org\apache\maven\doxia\doxia-module-xhtml\1.11.1\doxia-module-xhtml-1.11.1.jar;C:\Users\apmor\.m2\repository\org\apache\maven\doxia\doxia-module-xhtml5\1.11.1\doxia-module-xhtml5-1.11.1.jar;C:\Users\apmor\.m2\repository\org\codehaus\plexus\plexus-velocity\1.2\plexus-velocity-1.2.jar;C:\Users\apmor\.m2\repository\org\apache\velocity\velocity\1.7\velocity-1.7.jar;C:\Users\apmor\.m2\repository\commons-lang\commons-lang\2.4\commons-lang-2.4.jar;C:\Users\apmor\.m2\repository\org\apache\velocity\velocity-tools\2.0\velocity-tools-2.0.jar;C:\Users\apmor\.m2\repository\commons-beanutils\commons-beanutils\1.7.0\commons-beanutils-1.7.0.jar;C:\Users\apmor\.m2\repository\commons-digester\commons-digester\1.8\commons-digester-1.8.jar;C:\Users\apmor\.m2\repository\commons-chain\commons-chain\1.1\commons-chain-1.1.jar;C:\Users\apmor\.m2\repository\dom4j\dom4j\1.1\dom4j-1.1.jar;C:\Users\apmor\.m2\repository\oro\oro\2.0.8\oro-2.0.8.jar;C:\Users\apmor\.m2\repository\commons-collections\commons-collections\3.2.2\commons-collections-3.2.2.jar;C:\Users\apmor\.m2\repository\org\codehaus\plexus\plexus-xml\3.0.0\plexus-xml-3.0.0.jar;C:\Users\apmor\.m2\repository\org\codehaus\plexus\plexus-i18n\1.0-beta-10\plexus-i18n-1.0-beta-10.jar;C:\Users\apmor\.m2\repository\org\codehaus\plexus\plexus-component-api\1.0-alpha-20\plexus-component-api-1.0-alpha-20.jar;C:\Users\apmor\.m2\repository\org\codehaus\plexus\plexus-interpolation\1.27\plexus-interpolation-1.27.jar;"/>
    <property name="java.vm.vendor" value="Oracle Corporation"/>
    <property name="sun.arch.data.model" value="64"/>
    <property name="user.variant" value=""/>
    <property name="java.vendor.url" value="https://java.oracle.com/"/>
    <property name="user.timezone" value="America/Bogota"/>
    <property name="os.name" value="Windows 11"/>
    <property name="java.vm.specification.version" value="21"/>
    <property name="sun.java.launcher" value="SUN_STANDARD"/>
    <property name="user.country" value="419"/>
    <property name="sun.boot.library.path" value="C:\Program Files\Java\jdk-21\bin"/>
    <property name="sun.java.command" value="C:\Users\apmor\AppData\Local\Temp\surefire14662115723108108512\surefirebooter-20240828175833158_3.jar C:\Users\apmor\AppData\Local\Temp\surefire14662115723108108512 2024-08-28T17-58-33_029-jvmRun1 surefire-20240828175833158_1tmp surefire_0-20240828175833158_2tmp"/>
    <property name="jdk.debug" value="release"/>
    <property name="surefire.test.class.path" value="C:\Users\apmor\OneDrive\Documents\GitHub\CURSO PROGRAMACIÓN\reto1apmm\target\test-classes;C:\Users\apmor\OneDrive\Documents\GitHub\CURSO PROGRAMACIÓN\reto1apmm\target\classes;C:\Users\apmor\.m2\repository\org\junit\jupiter\junit-jupiter-api\5.11.0\junit-jupiter-api-5.11.0.jar;C:\Users\apmor\.m2\repository\org\opentest4j\opentest4j\1.3.0\opentest4j-1.3.0.jar;C:\Users\apmor\.m2\repository\org\junit\platform\junit-platform-commons\1.11.0\junit-platform-commons-1.11.0.jar;C:\Users\apmor\.m2\repository\org\apiguardian\apiguardian-api\1.1.2\apiguardian-api-1.1.2.jar;C:\Users\apmor\.m2\repository\org\junit\jupiter\junit-jupiter-params\5.11.0\junit-jupiter-params-5.11.0.jar;C:\Users\apmor\.m2\repository\org\seleniumhq\selenium\selenium-java\4.23.1\selenium-java-4.23.1.jar;C:\Users\apmor\.m2\repository\org\seleniumhq\selenium\selenium-api\4.23.1\selenium-api-4.23.1.jar;C:\Users\apmor\.m2\repository\org\seleniumhq\selenium\selenium-chrome-driver\4.23.1\selenium-chrome-driver-4.23.1.jar;C:\Users\apmor\.m2\repository\com\google\auto\service\auto-service-annotations\1.1.1\auto-service-annotations-1.1.1.jar;C:\Users\apmor\.m2\repository\org\seleniumhq\selenium\selenium-chromium-driver\4.23.1\selenium-chromium-driver-4.23.1.jar;C:\Users\apmor\.m2\repository\org\seleniumhq\selenium\selenium-json\4.23.1\selenium-json-4.23.1.jar;C:\Users\apmor\.m2\repository\org\seleniumhq\selenium\selenium-manager\4.23.1\selenium-manager-4.23.1.jar;C:\Users\apmor\.m2\repository\org\seleniumhq\selenium\selenium-devtools-v125\4.23.1\selenium-devtools-v125-4.23.1.jar;C:\Users\apmor\.m2\repository\org\seleniumhq\selenium\selenium-devtools-v126\4.23.1\selenium-devtools-v126-4.23.1.jar;C:\Users\apmor\.m2\repository\org\seleniumhq\selenium\selenium-devtools-v127\4.23.1\selenium-devtools-v127-4.23.1.jar;C:\Users\apmor\.m2\repository\org\seleniumhq\selenium\selenium-devtools-v85\4.23.1\selenium-devtools-v85-4.23.1.jar;C:\Users\apmor\.m2\repository\org\seleniumhq\selenium\selenium-edge-driver\4.23.1\selenium-edge-driver-4.23.1.jar;C:\Users\apmor\.m2\repository\org\seleniumhq\selenium\selenium-firefox-driver\4.23.1\selenium-firefox-driver-4.23.1.jar;C:\Users\apmor\.m2\repository\org\seleniumhq\selenium\selenium-http\4.23.1\selenium-http-4.23.1.jar;C:\Users\apmor\.m2\repository\dev\failsafe\failsafe\3.3.2\failsafe-3.3.2.jar;C:\Users\apmor\.m2\repository\org\seleniumhq\selenium\selenium-ie-driver\4.23.1\selenium-ie-driver-4.23.1.jar;C:\Users\apmor\.m2\repository\org\seleniumhq\selenium\selenium-remote-driver\4.23.1\selenium-remote-driver-4.23.1.jar;C:\Users\apmor\.m2\repository\com\google\guava\guava\33.2.1-jre\guava-33.2.1-jre.jar;C:\Users\apmor\.m2\repository\com\google\guava\failureaccess\1.0.2\failureaccess-1.0.2.jar;C:\Users\apmor\.m2\repository\com\google\guava\listenablefuture\9999.0-empty-to-avoid-conflict-with-guava\listenablefuture-9999.0-empty-to-avoid-conflict-with-guava.jar;C:\Users\apmor\.m2\repository\com\google\code\findbugs\jsr305\3.0.2\jsr305-3.0.2.jar;C:\Users\apmor\.m2\repository\org\checkerframework\checker-qual\3.42.0\checker-qual-3.42.0.jar;C:\Users\apmor\.m2\repository\com\google\errorprone\error_prone_annotations\2.26.1\error_prone_annotations-2.26.1.jar;C:\Users\apmor\.m2\repository\com\google\j2objc\j2objc-annotations\3.0.0\j2objc-annotations-3.0.0.jar;C:\Users\apmor\.m2\repository\io\opentelemetry\semconv\opentelemetry-semconv\1.25.0-alpha\opentelemetry-semconv-1.25.0-alpha.jar;C:\Users\apmor\.m2\repository\io\opentelemetry\opentelemetry-api\1.40.0\opentelemetry-api-1.40.0.jar;C:\Users\apmor\.m2\repository\io\opentelemetry\opentelemetry-context\1.40.0\opentelemetry-context-1.40.0.jar;C:\Users\apmor\.m2\repository\io\opentelemetry\opentelemetry-exporter-logging\1.40.0\opentelemetry-exporter-logging-1.40.0.jar;C:\Users\apmor\.m2\repository\io\opentelemetry\opentelemetry-sdk-common\1.40.0\opentelemetry-sdk-common-1.40.0.jar;C:\Users\apmor\.m2\repository\io\opentelemetry\opentelemetry-sdk-extension-autoconfigure-spi\1.40.0\opentelemetry-sdk-extension-autoconfigure-spi-1.40.0.jar;C:\Users\apmor\.m2\repository\io\opentelemetry\opentelemetry-sdk-extension-autoconfigure\1.40.0\opentelemetry-sdk-extension-autoconfigure-1.40.0.jar;C:\Users\apmor\.m2\repository\io\opentelemetry\opentelemetry-api-incubator\1.40.0-alpha\opentelemetry-api-incubator-1.40.0-alpha.jar;C:\Users\apmor\.m2\repository\io\opentelemetry\opentelemetry-sdk-trace\1.40.0\opentelemetry-sdk-trace-1.40.0.jar;C:\Users\apmor\.m2\repository\io\opentelemetry\opentelemetry-sdk\1.40.0\opentelemetry-sdk-1.40.0.jar;C:\Users\apmor\.m2\repository\io\opentelemetry\opentelemetry-sdk-metrics\1.40.0\opentelemetry-sdk-metrics-1.40.0.jar;C:\Users\apmor\.m2\repository\io\opentelemetry\opentelemetry-sdk-logs\1.40.0\opentelemetry-sdk-logs-1.40.0.jar;C:\Users\apmor\.m2\repository\net\bytebuddy\byte-buddy\1.14.18\byte-buddy-1.14.18.jar;C:\Users\apmor\.m2\repository\org\seleniumhq\selenium\selenium-os\4.23.1\selenium-os-4.23.1.jar;C:\Users\apmor\.m2\repository\org\apache\commons\commons-exec\1.4.0\commons-exec-1.4.0.jar;C:\Users\apmor\.m2\repository\org\seleniumhq\selenium\selenium-safari-driver\4.23.1\selenium-safari-driver-4.23.1.jar;C:\Users\apmor\.m2\repository\org\seleniumhq\selenium\selenium-support\4.23.1\selenium-support-4.23.1.jar;C:\Users\apmor\.m2\repository\org\junit\vintage\junit-vintage-engine\5.11.0\junit-vintage-engine-5.11.0.jar;C:\Users\apmor\.m2\repository\org\junit\platform\junit-platform-engine\1.11.0\junit-platform-engine-1.11.0.jar;C:\Users\apmor\.m2\repository\junit\junit\4.13.2\junit-4.13.2.jar;C:\Users\apmor\.m2\repository\org\hamcrest\hamcrest-core\1.3\hamcrest-core-1.3.jar;C:\Users\apmor\.m2\repository\org\apache\maven\plugins\maven-surefire-report-plugin\3.4.0\maven-surefire-report-plugin-3.4.0.jar;C:\Users\apmor\.m2\repository\org\apache\maven\surefire\surefire-logger-api\3.4.0\surefire-logger-api-3.4.0.jar;C:\Users\apmor\.m2\repository\org\apache\maven\surefire\surefire-report-parser\3.4.0\surefire-report-parser-3.4.0.jar;C:\Users\apmor\.m2\repository\org\apache\maven\shared\maven-shared-utils\3.3.4\maven-shared-utils-3.3.4.jar;C:\Users\apmor\.m2\repository\commons-io\commons-io\2.6\commons-io-2.6.jar;C:\Users\apmor\.m2\repository\org\apache\maven\doxia\doxia-sink-api\1.12.0\doxia-sink-api-1.12.0.jar;C:\Users\apmor\.m2\repository\org\apache\maven\doxia\doxia-logging-api\1.12.0\doxia-logging-api-1.12.0.jar;C:\Users\apmor\.m2\repository\org\apache\maven\doxia\doxia-core\1.12.0\doxia-core-1.12.0.jar;C:\Users\apmor\.m2\repository\org\codehaus\plexus\plexus-utils\3.3.0\plexus-utils-3.3.0.jar;C:\Users\apmor\.m2\repository\org\codehaus\plexus\plexus-container-default\2.1.0\plexus-container-default-2.1.0.jar;C:\Users\apmor\.m2\repository\org\codehaus\plexus\plexus-classworlds\2.6.0\plexus-classworlds-2.6.0.jar;C:\Users\apmor\.m2\repository\org\apache\xbean\xbean-reflect\3.7\xbean-reflect-3.7.jar;C:\Users\apmor\.m2\repository\com\google\collections\google-collections\1.0\google-collections-1.0.jar;C:\Users\apmor\.m2\repository\org\codehaus\plexus\plexus-component-annotations\2.1.0\plexus-component-annotations-2.1.0.jar;C:\Users\apmor\.m2\repository\org\apache\commons\commons-lang3\3.8.1\commons-lang3-3.8.1.jar;C:\Users\apmor\.m2\repository\org\apache\commons\commons-text\1.3\commons-text-1.3.jar;C:\Users\apmor\.m2\repository\org\apache\httpcomponents\httpclient\4.5.13\httpclient-4.5.13.jar;C:\Users\apmor\.m2\repository\commons-logging\commons-logging\1.2\commons-logging-1.2.jar;C:\Users\apmor\.m2\repository\commons-codec\commons-codec\1.11\commons-codec-1.11.jar;C:\Users\apmor\.m2\repository\org\apache\httpcomponents\httpcore\4.4.14\httpcore-4.4.14.jar;C:\Users\apmor\.m2\repository\org\apache\maven\reporting\maven-reporting-api\3.1.1\maven-reporting-api-3.1.1.jar;C:\Users\apmor\.m2\repository\org\apache\maven\reporting\maven-reporting-impl\3.2.0\maven-reporting-impl-3.2.0.jar;C:\Users\apmor\.m2\repository\org\apache\maven\maven-artifact\3.1.0\maven-artifact-3.1.0.jar;C:\Users\apmor\.m2\repository\org\apache\maven\doxia\doxia-decoration-model\1.11.1\doxia-decoration-model-1.11.1.jar;C:\Users\apmor\.m2\repository\org\apache\maven\doxia\doxia-integration-tools\1.11.1\doxia-integration-tools-1.11.1.jar;C:\Users\apmor\.m2\repository\org\apache\maven\maven-model\2.2.1\maven-model-2.2.1.jar;C:\Users\apmor\.m2\repository\org\apache\maven\doxia\doxia-site-renderer\1.11.1\doxia-site-renderer-1.11.1.jar;C:\Users\apmor\.m2\repository\org\apache\maven\doxia\doxia-skin-model\1.11.1\doxia-skin-model-1.11.1.jar;C:\Users\apmor\.m2\repository\org\apache\maven\doxia\doxia-module-xhtml\1.11.1\doxia-module-xhtml-1.11.1.jar;C:\Users\apmor\.m2\repository\org\apache\maven\doxia\doxia-module-xhtml5\1.11.1\doxia-module-xhtml5-1.11.1.jar;C:\Users\apmor\.m2\repository\org\codehaus\plexus\plexus-velocity\1.2\plexus-velocity-1.2.jar;C:\Users\apmor\.m2\repository\org\apache\velocity\velocity\1.7\velocity-1.7.jar;C:\Users\apmor\.m2\repository\commons-lang\commons-lang\2.4\commons-lang-2.4.jar;C:\Users\apmor\.m2\repository\org\apache\velocity\velocity-tools\2.0\velocity-tools-2.0.jar;C:\Users\apmor\.m2\repository\commons-beanutils\commons-beanutils\1.7.0\commons-beanutils-1.7.0.jar;C:\Users\apmor\.m2\repository\commons-digester\commons-digester\1.8\commons-digester-1.8.jar;C:\Users\apmor\.m2\repository\commons-chain\commons-chain\1.1\commons-chain-1.1.jar;C:\Users\apmor\.m2\repository\dom4j\dom4j\1.1\dom4j-1.1.jar;C:\Users\apmor\.m2\repository\oro\oro\2.0.8\oro-2.0.8.jar;C:\Users\apmor\.m2\repository\commons-collections\commons-collections\3.2.2\commons-collections-3.2.2.jar;C:\Users\apmor\.m2\repository\org\codehaus\plexus\plexus-xml\3.0.0\plexus-xml-3.0.0.jar;C:\Users\apmor\.m2\repository\org\codehaus\plexus\plexus-i18n\1.0-beta-10\plexus-i18n-1.0-beta-10.jar;C:\Users\apmor\.m2\repository\org\codehaus\plexus\plexus-component-api\1.0-alpha-20\plexus-component-api-1.0-alpha-20.jar;C:\Users\apmor\.m2\repository\org\codehaus\plexus\plexus-interpolation\1.27\plexus-interpolation-1.27.jar;"/>
    <property name="sun.cpu.endian" value="little"/>
    <property name="user.home" value="C:\Users\apmor"/>
    <property name="user.language" value="es"/>
    <property name="java.specification.vendor" value="Oracle Corporation"/>
    <property name="java.version.date" value="2024-07-16"/>
    <property name="java.home" value="C:\Program Files\Java\jdk-21"/>
    <property name="file.separator" value="\"/>
    <property name="basedir" value="C:\Users\apmor\OneDrive\Documents\GitHub\CURSO PROGRAMACIÓN\reto1apmm"/>
    <property name="java.vm.compressedOopsMode" value="32-bit"/>
    <property name="line.separator" value="&#10;"/>
    <property name="java.vm.specification.vendor" value="Oracle Corporation"/>
    <property name="java.specification.name" value="Java Platform API Specification"/>
    <property name="surefire.real.class.path" value="C:\Users\apmor\AppData\Local\Temp\surefire14662115723108108512\surefirebooter-20240828175833158_3.jar"/>
    <property name="user.script" value=""/>
    <property name="sun.management.compiler" value="HotSpot 64-Bit Tiered Compilers"/>
    <property name="java.runtime.version" value="21.0.4+8-LTS-274"/>
    <property name="user.name" value="apmor"/>
    <property name="stdout.encoding" value="Cp1252"/>
    <property name="path.separator" value=";"/>
    <property name="os.version" value="10.0"/>
    <property name="java.runtime.name" value="Java(TM) SE Runtime Environment"/>
    <property name="file.encoding" value="UTF-8"/>
    <property name="java.vm.name" value="Java HotSpot(TM) 64-Bit Server VM"/>
    <property name="localRepository" value="C:\Users\apmor\.m2\repository"/>
    <property name="java.vendor.url.bug" value="https://bugreport.java.com/bugreport/"/>
    <property name="java.io.tmpdir" value="C:\Users\apmor\AppData\Local\Temp\"/>
    <property name="java.version" value="21.0.4"/>
    <property name="user.dir" value="C:\Users\apmor\OneDrive\Documents\GitHub\CURSO PROGRAMACIÓN\reto1apmm"/>
    <property name="os.arch" value="amd64"/>
    <property name="java.vm.specification.name" value="Java Virtual Machine Specification"/>
    <property name="sun.os.patch.level" value=""/>
    <property name="native.encoding" value="Cp1252"/>
    <property name="java.library.path" value="C:\Program Files\Java\jdk-21\bin;C:\Windows\Sun\Java\bin;C:\Windows\system32;C:\Windows;C:\Program Files\Common Files\Oracle\Java\javapath;C:\Program Files (x86)\Common Files\Oracle\Java\javapath;C:\Windows\system32;C:\Windows;C:\Windows\System32\Wbem;C:\Windows\System32\WindowsPowerShell\v1.0\;C:\Windows\System32\OpenSSH\;C:\Program Files\Git\cmd;C:\Program Files\nodejs\;C:\Program Files (x86)\Microsoft SQL Server\160\Tools\Binn\;C:\Program Files\Microsoft SQL Server\160\Tools\Binn\;C:\Program Files\Microsoft SQL Server\Client SDK\ODBC\170\Tools\Binn\;C:\Program Files\Microsoft SQL Server\160\DTS\Binn\;C:\Program Files (x86)\Microsoft SQL Server\160\DTS\Binn\;C:\Program Files\Azure Data Studio\bin;C:\Users\apmor\AppData\Local\Programs\Python\Launcher\;C:\Users\apmor\AppData\Local\Microsoft\WindowsApps;C:\Users\apmor\AppData\Local\GitHubDesktop\bin;C:\Users\apmor\AppData\Local\Programs\Microsoft VS Code\bin;C:\Users\apmor\AppData\Roaming\npm;C:\Program Files\Azure Data Studio\bin;C:\Program Files (x86)\apache-maven-3.9.8\bin;;."/>
    <property name="java.vm.info" value="mixed mode, sharing"/>
    <property name="stderr.encoding" value="Cp1252"/>
    <property name="java.vendor" value="Oracle Corporation"/>
    <property name="java.vm.version" value="21.0.4+8-LTS-274"/>
    <property name="sun.io.unicode.encoding" value="UnicodeLittle"/>
    <property name="java.class.version" value="65.0"/>
  </properties>
  <testcase name="loginTest(String, String, String)[1]" classname="tests.PriceTest" time="4.369">
    <system-err><![CDATA[ago 28, 2024 5:58:35 P. M. org.openqa.selenium.devtools.CdpVersionFinder findNearestMatch
WARNING: Unable to find an exact match for CDP version 128, returning the closest version; found: 127; Please update to a Selenium version that supports CDP version 128
]]></system-err>
  </testcase>
  <testcase name="loginTest(String, String, String)[2]" classname="tests.PriceTest" time="4.053">
    <system-err><![CDATA[ago 28, 2024 5:58:39 P. M. org.openqa.selenium.devtools.CdpVersionFinder findNearestMatch
WARNING: Unable to find an exact match for CDP version 128, returning the closest version; found: 127; Please update to a Selenium version that supports CDP version 128
]]></system-err>
  </testcase>
  <testcase name="loginTest(String, String, String)[3]" classname="tests.PriceTest" time="3.443">
    <system-err><![CDATA[ago 28, 2024 5:58:43 P. M. org.openqa.selenium.devtools.CdpVersionFinder findNearestMatch
WARNING: Unable to find an exact match for CDP version 128, returning the closest version; found: 127; Please update to a Selenium version that supports CDP version 128
]]></system-err>
  </testcase>
  <testcase name="loginTest(String, String, String)[4]" classname="tests.PriceTest" time="3.25">
    <system-err><![CDATA[ago 28, 2024 5:58:46 P. M. org.openqa.selenium.devtools.CdpVersionFinder findNearestMatch
WARNING: Unable to find an exact match for CDP version 128, returning the closest version; found: 127; Please update to a Selenium version that supports CDP version 128
]]></system-err>
  </testcase>
  <testcase name="loginTest(String, String, String)[5]" classname="tests.PriceTest" time="3.496">
    <system-err><![CDATA[ago 28, 2024 5:58:50 P. M. org.openqa.selenium.devtools.CdpVersionFinder findNearestMatch
WARNING: Unable to find an exact match for CDP version 128, returning the closest version; found: 127; Please update to a Selenium version that supports CDP version 128
]]></system-err>
  </testcase>
  <testcase name="loginTest(String, String, String)[6]" classname="tests.PriceTest" time="3.536">
    <system-err><![CDATA[ago 28, 2024 5:58:53 P. M. org.openqa.selenium.devtools.CdpVersionFinder findNearestMatch
WARNING: Unable to find an exact match for CDP version 128, returning the closest version; found: 127; Please update to a Selenium version that supports CDP version 128
]]></system-err>
  </testcase>
</testsuite>